0701000C04E3080100000000000000
Log file name: /home/pi/b7/181-150820-150328966387-vysledky.log
0701005CE5E2080100000000000000
Log file name: /home/pi/b7/181-150820-150329723697-vysledky.log
0701000C04E3080100000000000000
Log file name: /home/pi/b7/181-150820-150330481118-vysledky.log
0701005CE5E2080100000000000000
Log file name: /home/pi/b7/181-150820-150331242645-vysledky.log
TERMINATE SIGNAL
0701004CADE2080100000000000000
Log file name: /home/pi/b7/181-150820-183502864843-vysledky.log
070100CC98E3080100000000000000
Log file name: /home/pi/b7/181-150820-183503622239-vysledky.log
0701004262165F0100000000000000
Log file name: /home/pi/b7/181-150820-200001214130-vysledky.log
070100BC66E3080100000000000000
Log file name: /home/pi/b7/181-150820-20000221793-vysledky.log
070100BCB9E2080100000000000000
Log file name: /home/pi/b7/181-150820-200005664445-vysledky.log
070100FCF9E2080100000000000000
Log file name: /home/pi/b7/181-150820-200006720954-vysledky.log
070100229EF6E40100000000000000
Log file name: /home/pi/b7/181-150820-200014397567-vysledky.log
0701000C68E3080100000000000000
Log file name: /home/pi/b7/181-150820-200015375547-vysledky.log
070100DCFAE2080100000000000000
Log file name: /home/pi/b7/181-150820-200447890823-vysledky.log
0701009CCEE2080100000000000000
Log file name: /home/pi/b7/181-150820-200448670173-vysledky.log
0701004CCBE2080100000000000000
Log file name: /home/pi/b7/181-150820-201354351539-vysledky.log
070100ECE2E2080100000000000000
Log file name: /home/pi/b7/181-150820-201355136472-vysledky.log
0701002C09E3080100000000000000
Log file name: /home/pi/b7/181-150820-201416961225-vysledky.log
070100AC3BE3080100000000000000
Log file name: /home/pi/b7/181-150820-201417973644-vysledky.log
070100C244175F0100000000000000
Log file name: /home/pi/b7/181-150820-202103326324-vysledky.log
070100AC53E3080100000000000000
Log file name: /home/pi/b7/181-150820-20210483426-vysledky.log
070100EC69E3080100000000000000
Log file name: /home/pi/b7/181-150820-202118280912-vysledky.log
0701009C59E3080100000000000000
Log file name: /home/pi/b7/181-150820-20211966031-vysledky.log
070100ECE2E2080100000000000000
Log file name: /home/pi/b7/181-150820-204257438096-vysledky.log
0701004CCBE2080100000000000000
Log file name: /home/pi/b7/181-150820-204258217695-vysledky.log
070100BC66E3080100000000000000
Log file name: /home/pi/b7/181-150820-204321432217-vysledky.log
0701004262165F0100000000000000
Log file name: /home/pi/b7/181-150820-204322249953-vysledky.log
070100FCF9E2080100000000000000
Log file name: /home/pi/b7/181-150820-204326660598-vysledky.log
070100BCB9E2080100000000000000
Log file name: /home/pi/b7/181-150820-204327640010-vysledky.log
070100AC53E3080100000000000000
Log file name: /home/pi/b7/181-150820-204350853261-vysledky.log
070100C244175F0100000000000000
Log file name: /home/pi/b7/181-150820-204351610435-vysledky.log
0701001C19E3080100000000000000
Log file name: /home/pi/b7/181-150820-204454927191-vysledky.log
070100AC02E3080100000000000000
Log file name: /home/pi/b7/181-150820-204455706710-vysledky.log
070100FCF9E2080100000000000000
Log file name: /home/pi/b7/181-150820-21081421707-vysledky.log
070100BCB9E2080100000000000000
Log file name: /home/pi/b7/181-150820-210814779089-vysledky.log
0701001C19E3080100000000000000
Log file name: /home/pi/b7/181-150820-210912489263-vysledky.log
070100AC02E3080100000000000000
Log file name: /home/pi/b7/181-150820-210913574413-vysledky.log
070100BC66E3080100000000000000
Log file name: /home/pi/b7/181-150820-210914597051-vysledky.log
0701004262165F0100000000000000
Log file name: /home/pi/b7/181-150820-210915664484-vysledky.log
070100C244175F0100000000000000
Log file name: /home/pi/b7/181-150820-210920611196-vysledky.log
070100AC53E3080100000000000000
Log file name: /home/pi/b7/181-150820-210921510960-vysledky.log
0701004CCBE2080100000000000000
Log file name: /home/pi/b7/181-150820-210922511586-vysledky.log
070100ECE2E2080100000000000000
Log file name: /home/pi/b7/181-150820-210923313470-vysledky.log
070100229EF6E40100000000000000
Log file name: /home/pi/b7/181-150820-211903231361-vysledky.log
0701000C68E3080100000000000000
Log file name: /home/pi/b7/181-150820-211904198682-vysledky.log
0701004CCBE2080100000000000000
Log file name: /home/pi/b7/181-150820-213325394210-vysledky.log
070100ECE2E2080100000000000000
Log file name: /home/pi/b7/181-150820-213326151499-vysledky.log
070100F207EFE40100000000000000
Log file name: /home/pi/b7/181-150820-213330984770-vysledky.log
070100F209EFE40100000000000000
Log file name: /home/pi/b7/181-150820-213331747379-vysledky.log
0701002C09E3080100000000000000
Log file name: /home/pi/b7/181-150820-213348268957-vysledky.log
070100AC3BE3080100000000000000
Log file name: /home/pi/b7/181-150820-213349643996-vysledky.log
0701009CCEE2080100000000000000
Log file name: /home/pi/b7/181-150820-213351450226-vysledky.log
070100DCFAE2080100000000000000
Log file name: /home/pi/b7/181-150820-213352702453-vysledky.log
0701001C19E3080100000000000000
Log file name: /home/pi/b7/181-150820-213355357688-vysledky.log
070100AC02E3080100000000000000
Log file name: /home/pi/b7/181-150820-213356481184-vysledky.log
0701009C59E3080100000000000000
Log file name: /home/pi/b7/181-150820-213401789196-vysledky.log
070100EC69E3080100000000000000
Log file name: /home/pi/b7/181-150820-213403321534-vysledky.log
0701004C63E3080100000000000000
Log file name: /home/pi/b7/181-150820-213405614385-vysledky.log
0701001255F0E40100000000000000
Log file name: /home/pi/b7/181-150820-21340792941-vysledky.log
0701004262165F0100000000000000
Log file name: /home/pi/b7/181-150820-213411942336-vysledky.log
070100BC66E3080100000000000000
Log file name: /home/pi/b7/181-150820-213413227741-vysledky.log
070100FCF9E2080100000000000000
Log file name: /home/pi/b7/181-150820-213423524389-vysledky.log
070100BCB9E2080100000000000000
Log file name: /home/pi/b7/181-150820-21342539969-vysledky.log
070100CCADE2080100000000000000
Log file name: /home/pi/b7/181-150820-213436740197-vysledky.log
070100AC27E3080100000000000000
Log file name: /home/pi/b7/181-150820-21343949987-vysledky.log
0701004C5AE3080100000000000000
Log file name: /home/pi/b7/181-150820-213455937920-vysledky.log
0701000CC7E3080100000000000000
Log file name: /home/pi/b7/181-150820-21345726072-vysledky.log
0701000C68E3080100000000000000
Log file name: /home/pi/b7/181-150820-213535499896-vysledky.log
070100229EF6E40100000000000000
Log file name: /home/pi/b7/181-150820-213536256979-vysledky.log
070100C244175F0100000000000000
Log file name: /home/pi/b7/181-150820-213539403562-vysledky.log
070100AC53E3080100000000000000
Log file name: /home/pi/b7/181-150820-213540160600-vysledky.log
070100F209EFE40100000000000000
Log file name: /home/pi/b7/181-150820-214611901711-vysledky.log
070100F207EFE40100000000000000
Log file name: /home/pi/b7/181-150820-214612680929-vysledky.log
0701001C19E3080100000000000000
Log file name: /home/pi/b7/181-150820-214620420023-vysledky.log
070100AC02E3080100000000000000
Log file name: /home/pi/b7/181-150820-214621476199-vysledky.log
0701002C09E3080100000000000000
Log file name: /home/pi/b7/181-150820-214632249693-vysledky.log
070100AC3BE3080100000000000000
Log file name: /home/pi/b7/181-150820-214633609966-vysledky.log
0701009CCEE2080100000000000000
Log file name: /home/pi/b7/181-150820-214638990175-vysledky.log
070100DCFAE2080100000000000000
Log file name: /home/pi/b7/181-150820-21464064120-vysledky.log
0701004262165F0100000000000000
Log file name: /home/pi/b7/181-150820-21472886983-vysledky.log
070100BC66E3080100000000000000
Log file name: /home/pi/b7/181-150820-214729472143-vysledky.log
0701004CCBE2080100000000000000
Log file name: /home/pi/b7/181-150820-214730934992-vysledky.log
070100ECE2E2080100000000000000
Log file name: /home/pi/b7/181-150820-21473238977-vysledky.log
070100ECE2E2080100000000000000
Log file name: /home/pi/b7/181-150820-214732796177-vysledky.log
0701000CC7E3080100000000000000
Log file name: /home/pi/b7/181-150820-214746582241-vysledky.log
0701004C5AE3080100000000000000
Log file name: /home/pi/b7/181-150820-214747636612-vysledky.log
070100BCB9E2080100000000000000
Log file name: /home/pi/b7/181-150820-214749387715-vysledky.log
070100FCF9E2080100000000000000
Log file name: /home/pi/b7/181-150820-214750407555-vysledky.log
0701009C59E3080100000000000000
Log file name: /home/pi/b7/181-150820-214752737229-vysledky.log
070100EC69E3080100000000000000
Log file name: /home/pi/b7/181-150820-21475491514-vysledky.log
070100AC27E3080100000000000000
Log file name: /home/pi/b7/181-150820-214756656552-vysledky.log
070100CCADE2080100000000000000
Log file name: /home/pi/b7/181-150820-214801387228-vysledky.log
0701004C63E3080100000000000000
Log file name: /home/pi/b7/181-150820-214802629686-vysledky.log
0701001255F0E40100000000000000
Log file name: /home/pi/b7/181-150820-214803652231-vysledky.log
070100AC53E3080100000000000000
Log file name: /home/pi/b7/181-150820-214806555906-vysledky.log
070100C244175F0100000000000000
Log file name: /home/pi/b7/181-150820-214807445838-vysledky.log
TERMINATE SIGNAL
TERMINATE SIGNAL
