TERMINATE SIGNAL
070100AC3BE3080100000000000000
call /home/pi/b7/b7_mysql.sh
0701002C09E3080100000000000000
call /home/pi/b7/b7_mysql.sh
0701009CCEE2080100000000000000
call /home/pi/b7/b7_mysql.sh
0701002C09E3080100000000000000
call /home/pi/b7/b7_mysql.sh
070100AC3BE3080100000000000000
call /home/pi/b7/b7_mysql.sh
0701009C59E3080100000000000000
call /home/pi/b7/b7_mysql.sh
070100EC69E3080100000000000000
call /home/pi/b7/b7_mysql.sh
TERMINATE SIGNAL
070100229EF6E40100000000000000
call /home/pi/b7/b7_mysql.sh
0701000C68E3080100000000000000
call /home/pi/b7/b7_mysql.sh
070100229EF6E40100000000000000
call /home/pi/b7/b7_mysql.sh
0701000C68E3080100000000000000
call /home/pi/b7/b7_mysql.sh
0701000C68E3080100000000000000
call /home/pi/b7/b7_mysql.sh
070100229EF6E40100000000000000
call /home/pi/b7/b7_mysql.sh
0701000C68E3080100000000000000
call /home/pi/b7/b7_mysql.sh
070100229EF6E40100000000000000
call /home/pi/b7/b7_mysql.sh
070100FC27E3080100000000000000
call /home/pi/b7/b7_mysql.sh
070100ACFCE2080100000000000000
call /home/pi/b7/b7_mysql.sh
0701004C37E3080100000000000000
call /home/pi/b7/b7_mysql.sh
070100FCD5E2080100000000000000
call /home/pi/b7/b7_mysql.sh
020101000000000000000000000000
070100ACC9E2080100000000000000
call /home/pi/b7/b7_mysql.sh
0701001CADE2080100000000000000
call /home/pi/b7/b7_mysql.sh
070100FC34E3080100000000000000
call /home/pi/b7/b7_mysql.sh
0701007CA8E3080100000000000000
call /home/pi/b7/b7_mysql.sh
070100FCDAE2080100000000000000
call /home/pi/b7/b7_mysql.sh
070100FCDDE3080100000000000000
call /home/pi/b7/b7_mysql.sh
0701006CD6E3080100000000000000
call /home/pi/b7/b7_mysql.sh
0701009CF0E2080100000000000000
call /home/pi/b7/b7_mysql.sh
070100E2CFF1E40100000000000000
call /home/pi/b7/b7_mysql.sh
070100ECA3E3080100000000000000
call /home/pi/b7/b7_mysql.sh
TERMINATE SIGNAL
0701004C83E3080100000000000000
call /home/pi/b7/b7_mysql.sh
0701003CC3E2080100000000000000
call /home/pi/b7/b7_mysql.sh
070100FCCCE2080100000000000000
call /home/pi/b7/b7_mysql.sh
070100DC6AE3080100000000000000
call /home/pi/b7/b7_mysql.sh
070100FC29E3080100000000000000
call /home/pi/b7/b7_mysql.sh
0701003CA7E3080100000000000000
call /home/pi/b7/b7_mysql.sh
0701006CF9E2080100000000000000
call /home/pi/b7/b7_mysql.sh
0701000CB3E3080100000000000000
call /home/pi/b7/b7_mysql.sh
0701000CE5E3080100000000000000
call /home/pi/b7/b7_mysql.sh
0701001CC2E2080100000000000000
call /home/pi/b7/b7_mysql.sh
0701008C29E3080100000000000000
call /home/pi/b7/b7_mysql.sh
070100A2AFF6E40100000000000000
call /home/pi/b7/b7_mysql.sh
0701008C29E3080100000000000000
call /home/pi/b7/b7_mysql.sh
070100A2AFF6E40100000000000000
call /home/pi/b7/b7_mysql.sh
0701008C29E3080100000000000000
call /home/pi/b7/b7_mysql.sh
070100A2AFF6E40100000000000000
call /home/pi/b7/b7_mysql.sh
0701008C29E3080100000000000000
call /home/pi/b7/b7_mysql.sh
070100A2AFF6E40100000000000000
call /home/pi/b7/b7_mysql.sh
0701008C29E3080100000000000000
call /home/pi/b7/b7_mysql.sh
070100A2AFF6E40100000000000000
call /home/pi/b7/b7_mysql.sh
0701008C29E3080100000000000000
call /home/pi/b7/b7_mysql.sh
070100A2AFF6E40100000000000000
call /home/pi/b7/b7_mysql.sh
0701008C29E3080100000000000000
call /home/pi/b7/b7_mysql.sh
070100A2AFF6E40100000000000000
call /home/pi/b7/b7_mysql.sh
070100A2AFF6E40100000000000000
call /home/pi/b7/b7_mysql.sh
070100A2AFF6E40100000000000000
call /home/pi/b7/b7_mysql.sh
070100A2AFF6E40100000000000000
call /home/pi/b7/b7_mysql.sh
070100A2AFF6E40100000000000000
call /home/pi/b7/b7_mysql.sh
0701008C29E3080100000000000000
call /home/pi/b7/b7_mysql.sh
0701008C29E3080100000000000000
call /home/pi/b7/b7_mysql.sh
0701008C29E3080100000000000000
call /home/pi/b7/b7_mysql.sh
0701008C29E3080100000000000000
call /home/pi/b7/b7_mysql.sh
0701008C29E3080100000000000000
call /home/pi/b7/b7_mysql.sh
0701008C29E3080100000000000000
call /home/pi/b7/b7_mysql.sh
0701008C29E3080100000000000000
call /home/pi/b7/b7_mysql.sh
0701008C29E3080100000000000000
call /home/pi/b7/b7_mysql.sh
0701008C29E3080100000000000000
call /home/pi/b7/b7_mysql.sh
0701008C29E3080100000000000000
call /home/pi/b7/b7_mysql.sh
070100A2AFF6E40100000000000000
call /home/pi/b7/b7_mysql.sh
0701008C29E3080100000000000000
call /home/pi/b7/b7_mysql.sh
070100A2AFF6E40100000000000000
call /home/pi/b7/b7_mysql.sh
0701008C29E3080100000000000000
call /home/pi/b7/b7_mysql.sh
070100A2AFF6E40100000000000000
call /home/pi/b7/b7_mysql.sh
0701008C29E3080100000000000000
call /home/pi/b7/b7_mysql.sh
070100A2AFF6E40100000000000000
call /home/pi/b7/b7_mysql.sh
0701008C29E3080100000000000000
call /home/pi/b7/b7_mysql.sh
070100A2AFF6E40100000000000000
call /home/pi/b7/b7_mysql.sh
0701008C29E3080100000000000000
call /home/pi/b7/b7_mysql.sh
070100A2AFF6E40100000000000000
call /home/pi/b7/b7_mysql.sh
0701008C29E3080100000000000000
call /home/pi/b7/b7_mysql.sh
070100A2AFF6E40100000000000000
call /home/pi/b7/b7_mysql.sh
0701008C29E3080100000000000000
call /home/pi/b7/b7_mysql.sh
070100A2AFF6E40100000000000000
call /home/pi/b7/b7_mysql.sh
0701008C29E3080100000000000000
call /home/pi/b7/b7_mysql.sh
070100A2AFF6E40100000000000000
call /home/pi/b7/b7_mysql.sh
0701008C29E3080100000000000000
call /home/pi/b7/b7_mysql.sh
070100A2AFF6E40100000000000000
call /home/pi/b7/b7_mysql.sh
0701008C29E3080100000000000000
call /home/pi/b7/b7_mysql.sh
070100A2AFF6E40100000000000000
call /home/pi/b7/b7_mysql.sh
0701008C29E3080100000000000000
call /home/pi/b7/b7_mysql.sh
070100A2AFF6E40100000000000000
call /home/pi/b7/b7_mysql.sh
0701008C29E3080100000000000000
call /home/pi/b7/b7_mysql.sh
070100A2AFF6E40100000000000000
call /home/pi/b7/b7_mysql.sh
0701008C29E3080100000000000000
call /home/pi/b7/b7_mysql.sh
020101000000000000000000000000
070100A2AFF6E40100000000000000
call /home/pi/b7/b7_mysql.sh
0701008C29E3080100000000000000
call /home/pi/b7/b7_mysql.sh
070100A2AFF6E40100000000000000
call /home/pi/b7/b7_mysql.sh
0701008C29E3080100000000000000
call /home/pi/b7/b7_mysql.sh
070100A2AFF6E40100000000000000
call /home/pi/b7/b7_mysql.sh
0701008C29E3080100000000000000
call /home/pi/b7/b7_mysql.sh
070100A2AFF6E40100000000000000
call /home/pi/b7/b7_mysql.sh
020101000000000000000000000000
070100A2AFF6E40100000000000000
call /home/pi/b7/b7_mysql.sh
0701008C29E3080100000000000000
call /home/pi/b7/b7_mysql.sh
0701008C29E3080100000000000000
call /home/pi/b7/b7_mysql.sh
070100A2AFF6E40100000000000000
call /home/pi/b7/b7_mysql.sh
0701008C29E3080100000000000000
call /home/pi/b7/b7_mysql.sh
070100A2AFF6E40100000000000000
call /home/pi/b7/b7_mysql.sh
0701008C29E3080100000000000000
call /home/pi/b7/b7_mysql.sh
070100A2AFF6E40100000000000000
call /home/pi/b7/b7_mysql.sh
0701008C29E3080100000000000000
call /home/pi/b7/b7_mysql.sh
070100A2AFF6E40100000000000000
call /home/pi/b7/b7_mysql.sh
0701008C29E3080100000000000000
call /home/pi/b7/b7_mysql.sh
070100A2AFF6E40100000000000000
call /home/pi/b7/b7_mysql.sh
0701008C29E3080100000000000000
call /home/pi/b7/b7_mysql.sh
0701008C29E3080100000000000000
call /home/pi/b7/b7_mysql.sh
070100A2AFF6E40100000000000000
call /home/pi/b7/b7_mysql.sh
0701008C29E3080100000000000000
call /home/pi/b7/b7_mysql.sh
070100A2AFF6E40100000000000000
call /home/pi/b7/b7_mysql.sh
0701008C29E3080100000000000000
call /home/pi/b7/b7_mysql.sh
070100A2AFF6E40100000000000000
call /home/pi/b7/b7_mysql.sh
0701008C29E3080100000000000000
call /home/pi/b7/b7_mysql.sh
070100A2AFF6E40100000000000000
call /home/pi/b7/b7_mysql.sh
0701008C29E3080100000000000000
call /home/pi/b7/b7_mysql.sh
0701008C29E3080100000000000000
call /home/pi/b7/b7_mysql.sh
070100A2AFF6E40100000000000000
call /home/pi/b7/b7_mysql.sh
0701008C29E3080100000000000000
call /home/pi/b7/b7_mysql.sh
070100A2AFF6E40100000000000000
call /home/pi/b7/b7_mysql.sh
0701008C29E3080100000000000000
call /home/pi/b7/b7_mysql.sh
070100A2AFF6E40100000000000000
call /home/pi/b7/b7_mysql.sh
070100A2AFF6E40100000000000000
call /home/pi/b7/b7_mysql.sh
070100A2AFF6E40100000000000000
call /home/pi/b7/b7_mysql.sh
070100A2AFF6E40100000000000000
call /home/pi/b7/b7_mysql.sh
070100A2AFF6E40100000000000000
call /home/pi/b7/b7_mysql.sh
070100A2AFF6E40100000000000000
call /home/pi/b7/b7_mysql.sh
070100A2AFF6E40100000000000000
call /home/pi/b7/b7_mysql.sh
0701008C29E3080100000000000000
call /home/pi/b7/b7_mysql.sh
0701008C29E3080100000000000000
call /home/pi/b7/b7_mysql.sh
0701008C29E3080100000000000000
call /home/pi/b7/b7_mysql.sh
070100A2AFF6E40100000000000000
call /home/pi/b7/b7_mysql.sh
0701008C29E3080100000000000000
call /home/pi/b7/b7_mysql.sh
070100A2AFF6E40100000000000000
call /home/pi/b7/b7_mysql.sh
